<?xml version="1.0" encoding="UTF-8"?>
<!-- Generated by org.testng.reporters.JUnitReportReporter -->
<testsuite hostname="LAPTOP-HO0UVJN8" failures="0" tests="9" name="testCases.TC003_VerifyLoginFunctionality" time="9.553" errors="0" timestamp="2025-03-12T17:44:22 CET" skipped="0">
  <testcase classname="testCases.TC003_VerifyLoginFunctionality" name="verify_LoginCredentials" time="0.783"/>
  <testcase classname="testCases.TC003_VerifyLoginFunctionality" name="verify_LoginCredentials" time="0.752"/>
  <testcase classname="testCases.TC003_VerifyLoginFunctionality" name="verify_LoginCredentials" time="0.374"/>
  <testcase classname="testCases.TC003_VerifyLoginFunctionality" name="verify_LoginCredentials" time="0.435"/>
  <testcase classname="testCases.TC003_VerifyLoginFunctionality" name="verify_LoginCredentials" time="5.677"/>
  <testcase classname="testCases.TC003_VerifyLoginFunctionality" name="verify_LoginCredentials" time="0.289"/>
  <testcase classname="testCases.TC003_VerifyLoginFunctionality" name="verify_LoginCredentials" time="0.627"/>
  <testcase classname="testCases.TC003_VerifyLoginFunctionality" name="verify_LoginCredentials" time="0.253"/>
  <testcase classname="testCases.TC003_VerifyLoginFunctionality" name="verify_LoginCredentials" time="0.363"/>
</testsuite> <!-- testCases.TC003_VerifyLoginFunctionality -->
