<?xml version="1.0" encoding="UTF-8"?>
<!-- Generated by org.testng.reporters.JUnitReportReporter -->
<testsuite hostname="LAPTOP-HO0UVJN8" failures="0" tests="1" name="testCases.TC002_VerifySortedProducts" time="0.816" errors="0" timestamp="2025-03-12T15:49:04 CET" skipped="0">
  <testcase classname="testCases.TC002_VerifySortedProducts" name="sortProductsbyZtoA" time="0.816"/>
</testsuite> <!-- testCases.TC002_VerifySortedProducts -->
