<?xml version="1.0" encoding="UTF-8"?>
<!-- Generated by org.testng.reporters.JUnitReportReporter -->
<testsuite hostname="LAPTOP-HO0UVJN8" failures="0" tests="1" name="testCases.TC002_VerifySortedProducts" time="0.795" errors="0" timestamp="2025-03-11T23:26:43 CET" skipped="0">
  <testcase classname="testCases.TC002_VerifySortedProducts" name="sortProductsbyZtoA" time="0.795"/>
</testsuite> <!-- testCases.TC002_VerifySortedProducts -->
