<?xml version="1.0" encoding="UTF-8"?>
<!-- Generated by org.testng.reporters.JUnitReportReporter -->
<testsuite hostname="LAPTOP-HO0UVJN8" failures="0" tests="1" name="testCases.TC001_VerifyCheckoutFlow" time="1.835" errors="0" timestamp="2025-03-12T13:46:44 CET" skipped="0">
  <testcase classname="testCases.TC001_VerifyCheckoutFlow" name="verifyCompleteCheckoutFlow" time="1.835"/>
</testsuite> <!-- testCases.TC001_VerifyCheckoutFlow -->
