<?xml version="1.0" encoding="UTF-8"?>
<!-- Generated by org.testng.reporters.JUnitReportReporter -->
<testsuite hostname="LAPTOP-HO0UVJN8" failures="0" tests="1" name="testCases.TC002_VerifyCheckoutFlow" time="1.696" errors="0" timestamp="2025-03-11T18:15:33 CET" skipped="0">
  <testcase classname="testCases.TC002_VerifyCheckoutFlow" name="verifyCompleteCheckoutFlow" time="1.696"/>
</testsuite> <!-- testCases.TC002_VerifyCheckoutFlow -->
